<?xml version="1.0" encoding="UTF-8"?>
<testng-results skipped="0" failed="0" ignored="0" total="3" passed="3">
  <reporter-output>
  </reporter-output>
  <suite name="Default suite" duration-ms="20403" started-at="2020-03-26T19:19:39Z" finished-at="2020-03-26T19:19:59Z">
    <groups>
    </groups>
    <test name="Default test" duration-ms="20403" started-at="2020-03-26T19:19:39Z" finished-at="2020-03-26T19:19:59Z">
      <class name="Tests.PetStoreMenuPageTest">
        <test-method status="PASS" signature="setup()[pri:0, instance:Tests.PetStoreMenuPageTest@5b275dab]" name="setup" is-config="true" duration-ms="5965" started-at="2020-03-26T19:19:39Z" finished-at="2020-03-26T19:19:45Z">
          <reporter-output>
          </reporter-output>
        </test-method> <!-- setup -->
        <test-method status="PASS" signature="PetStoreMenuTest()[pri:0, instance:Tests.PetStoreMenuPageTest@5b275dab]" name="PetStoreMenuTest" duration-ms="4875" started-at="2020-03-26T19:19:45Z" finished-at="2020-03-26T19:19:50Z">
          <reporter-output>
          </reporter-output>
        </test-method> <!-- PetStoreMenuTest -->
        <test-method status="PASS" signature="goToCorrectURL()[pri:0, instance:Tests.PetStoreMenuPageTest@5b275dab]" name="goToCorrectURL" duration-ms="6603" started-at="2020-03-26T19:19:50Z" finished-at="2020-03-26T19:19:56Z">
          <reporter-output>
          </reporter-output>
        </test-method> <!-- goToCorrectURL -->
        <test-method status="PASS" signature="singInButton()[pri:0, instance:Tests.PetStoreMenuPageTest@5b275dab]" name="singInButton" duration-ms="640" started-at="2020-03-26T19:19:56Z" finished-at="2020-03-26T19:19:57Z">
          <reporter-output>
          </reporter-output>
        </test-method> <!-- singInButton -->
        <test-method status="PASS" signature="afterClass()[pri:0, instance:Tests.PetStoreMenuPageTest@5b275dab]" name="afterClass" is-config="true" duration-ms="2277" started-at="2020-03-26T19:19:57Z" finished-at="2020-03-26T19:19:59Z">
          <reporter-output>
          </reporter-output>
        </test-method> <!-- afterClass -->
      </class> <!-- Tests.PetStoreMenuPageTest -->
    </test> <!-- Default test -->
  </suite> <!-- Default suite -->
</testng-results>
