<?xml version="1.0" encoding="UTF-8"?>
<!-- Generated by org.testng.reporters.JUnitXMLReporter -->
<testsuite hostname="Marijana" ignored="0" name="Default test" tests="3" failures="0" timestamp="30 Mar 2020 14:44:11 GMT" time="19.57" errors="0">
  <testcase name="PetStoreMenuTest" time="4.106" classname="Tests.PetStoreMenuPageTest"/>
  <testcase name="goToCorrectURL" time="6.524" classname="Tests.PetStoreMenuPageTest"/>
  <testcase name="singInButton" time="0.511" classname="Tests.PetStoreMenuPageTest"/>
</testsuite> <!-- Default test -->
