<?xml version="1.0" encoding="UTF-8"?>
<!-- Generated by org.testng.reporters.JUnitXMLReporter -->
<testsuite hostname="Marijana" ignored="0" name="Default test" tests="3" failures="0" timestamp="26 Mar 2020 19:19:59 GMT" time="20.403" errors="0">
  <testcase name="PetStoreMenuTest" time="4.875" classname="Tests.PetStoreMenuPageTest"/>
  <testcase name="goToCorrectURL" time="6.603" classname="Tests.PetStoreMenuPageTest"/>
  <testcase name="singInButton" time="0.64" classname="Tests.PetStoreMenuPageTest"/>
</testsuite> <!-- Default test -->
